<?xml version="1.0" encoding="UTF-8"?>
<!-- Generated by org.testng.reporters.JUnitReportReporter -->
<testsuite hostname="LAPTOP-EETDBIMU" failures="0" tests="2" name="Pac1.ContactTest" time="0.017" errors="0" timestamp="2025-07-29T11:31:46 IST" skipped="0">
  <testcase classname="Pac1.ContactTest" name="CreateContact" time="0.017"/>
  <system-out/>
  <testcase classname="Pac1.ContactTest" name="ModifyContact" time="0.000"/>
  <system-out/>
</testsuite> <!-- Pac1.ContactTest -->
