<?xml version="1.0" encoding="UTF-8"?>
<!-- Generated by org.testng.reporters.JUnitReportReporter -->
<testsuite hostname="LAPTOP-EETDBIMU" failures="0" tests="2" name="Pac2.OrgTest" time="0.005" errors="0" timestamp="2025-07-29T11:31:46 IST" skipped="0">
  <testcase classname="Pac2.OrgTest" name="CreateContact" time="0.004"/>
  <system-out/>
  <testcase classname="Pac2.OrgTest" name="ModifyOrg" time="0.001"/>
  <system-out/>
</testsuite> <!-- Pac2.OrgTest -->
